SF:lib/src/models/grouped_sessions.dart
DA:11,2
DA:16,2
DA:19,2
DA:27,1
DA:28,3
DA:29,1
DA:34,1
DA:35,2
DA:39,1
DA:40,2
DA:41,1
DA:43,2
DA:44,1
DA:49,1
DA:50,4
DA:54,1
DA:57,1
DA:58,1
DA:62,1
DA:63,2
LF:20
LH:20
end_of_record
SF:lib/src/models/grouped_sessions.g.dart
DA:9,1
DA:10,1
DA:11,2
DA:12,2
DA:13,1
DA:14,1
DA:15,2
DA:16,1
DA:18,3
DA:19,1
DA:26,1
DA:28,1
DA:29,2
DA:30,2
DA:31,1
DA:32,1
DA:33,1
DA:34,6
LF:18
LH:18
end_of_record
SF:lib/src/models/language.dart
DA:9,2
DA:15,2
DA:18,2
DA:27,1
DA:31,1
DA:32,1
DA:33,1
DA:37,1
DA:38,3
LF:9
LH:9
end_of_record
SF:lib/src/models/language.g.dart
DA:9,1
DA:10,4
DA:12,2
DA:13,1
DA:14,1
LF:5
LH:5
end_of_record
SF:lib/src/models/level.dart
DA:9,2
DA:15,2
DA:18,2
DA:27,1
DA:31,1
DA:32,1
DA:33,1
DA:37,1
DA:38,3
LF:9
LH:9
end_of_record
SF:lib/src/models/level.g.dart
DA:9,1
DA:10,4
DA:12,2
DA:13,1
DA:14,1
LF:5
LH:5
end_of_record
SF:lib/src/models/room.dart
DA:9,2
DA:15,2
DA:18,2
DA:27,1
DA:31,1
DA:32,1
DA:33,1
DA:37,1
DA:38,3
LF:9
LH:9
end_of_record
SF:lib/src/models/room.g.dart
DA:9,1
DA:10,4
DA:12,2
DA:13,1
DA:14,1
LF:5
LH:5
end_of_record
SF:lib/src/models/session.dart
DA:16,1
DA:31,2
DA:34,2
DA:70,1
DA:83,1
DA:84,1
DA:85,1
DA:86,1
DA:87,1
DA:88,1
DA:89,1
DA:90,1
DA:91,1
DA:92,1
DA:93,1
DA:94,1
DA:99,4
DA:102,1
DA:103,1
DA:104,4
DA:108,1
DA:109,3
DA:113,1
DA:114,3
DA:117,1
DA:118,1
DA:119,1
DA:120,1
DA:121,1
DA:122,1
DA:123,1
DA:124,1
DA:125,1
DA:126,1
DA:127,1
DA:128,1
DA:129,1
LF:37
LH:37
end_of_record
SF:lib/src/models/session.g.dart
DA:9,2
DA:10,1
DA:11,1
DA:12,1
DA:13,2
DA:14,2
DA:15,1
DA:16,3
DA:17,1
DA:18,2
DA:19,1
DA:20,1
DA:22,1
DA:23,3
DA:24,1
DA:25,2
DA:26,2
DA:29,2
DA:30,1
DA:31,1
DA:32,1
DA:33,2
DA:34,2
DA:35,5
DA:36,2
DA:37,2
DA:38,5
DA:39,2
DA:40,2
LF:29
LH:29
end_of_record
SF:lib/src/models/session_format.dart
DA:9,2
DA:15,2
DA:18,2
DA:27,1
DA:31,1
DA:32,1
DA:33,1
DA:37,1
DA:38,3
LF:9
LH:9
end_of_record
SF:lib/src/models/session_format.g.dart
DA:9,1
DA:10,1
DA:11,2
DA:12,1
DA:15,1
DA:16,3
LF:6
LH:6
end_of_record
SF:lib/src/models/speaker.dart
DA:10,1
DA:20,2
DA:23,2
DA:44,1
DA:52,1
DA:53,1
DA:54,1
DA:55,1
DA:56,1
DA:57,1
DA:58,1
DA:62,1
DA:63,7
LF:13
LH:13
end_of_record
SF:lib/src/models/speaker.g.dart
DA:9,2
DA:10,1
DA:11,1
DA:12,1
DA:13,1
DA:14,1
DA:15,1
DA:16,3
DA:17,1
DA:20,2
DA:21,1
DA:22,1
DA:23,1
DA:24,1
DA:25,1
DA:26,5
LF:16
LH:16
end_of_record
SF:lib/src/models/speaker_link.dart
DA:9,2
DA:16,2
DA:19,2
DA:31,1
DA:36,1
DA:37,1
DA:38,1
DA:39,1
DA:43,1
DA:44,4
LF:10
LH:10
end_of_record
SF:lib/src/models/speaker_link.g.dart
DA:9,2
DA:10,1
DA:11,1
DA:12,1
DA:15,1
DA:16,1
DA:17,1
DA:18,1
DA:19,1
LF:9
LH:9
end_of_record
SF:lib/src/models/track.dart
DA:9,2
DA:15,2
DA:18,2
DA:27,1
DA:31,1
DA:32,1
DA:33,1
DA:37,1
DA:38,3
LF:9
LH:9
end_of_record
SF:lib/src/models/track.g.dart
DA:9,1
DA:10,4
DA:12,2
DA:13,1
DA:14,1
LF:5
LH:5
end_of_record
SF:lib/src/use_cases/get_grouped_sessions_use_case.dart
DA:11,0
DA:15,0
DA:16,0
DA:17,0
DA:18,0
DA:19,0
DA:20,0
DA:22,0
DA:23,0
DA:25,0
DA:26,0
DA:27,0
DA:34,0
DA:35,0
DA:39,0
DA:40,0
DA:41,0
DA:42,0
DA:44,0
DA:47,0
DA:48,0
DA:51,0
DA:55,0
LF:23
LH:0
end_of_record
